This file contains any messages produced by compilers while
running configure, to aid debugging if configure makes a mistake.

It was created by pebblesdb configure 1.0.dev, which was
generated by GNU Autoconf 2.69.  Invocation command line was

  $ ./configure 

## --------- ##
## Platform. ##
## --------- ##

hostname = dc-optane
uname -m = x86_64
uname -r = 5.8.0-50-generic
uname -s = Linux
uname -v = #56~20.04.1-Ubuntu SMP Mon Apr 12 21:46:35 UTC 2021

/usr/bin/uname -p = x86_64
/bin/uname -X     = unknown

/bin/arch              = x86_64
/usr/bin/arch -k       = unknown
/usr/convex/getsysinfo = unknown
/usr/bin/hostinfo      = unknown
/bin/machine           = unknown
/usr/bin/oslevel       = unknown
/bin/universe          = unknown

PATH: /home/dc/.local/bin
PATH: /home/dc/zcj/rocksdb6.4
PATH: /usr/local/sbin
PATH: /usr/local/bin
PATH: /usr/sbin
PATH: /usr/bin
PATH: /sbin
PATH: /bin
PATH: /usr/games
PATH: /usr/local/games
PATH: /snap/bin


## ----------- ##
## Core tests. ##
## ----------- ##

configure:2601: checking for a BSD-compatible install
configure:2669: result: /usr/bin/install -c
configure:2680: checking whether build environment is sane
configure:2735: result: yes
configure:2884: checking for a thread-safe mkdir -p
configure:2923: result: /usr/bin/mkdir -p
configure:2930: checking for gawk
configure:2960: result: no
configure:2930: checking for mawk
configure:2946: found /usr/bin/mawk
configure:2957: result: mawk
configure:2968: checking whether make sets $(MAKE)
configure:2990: result: yes
configure:3019: checking whether make supports nested variables
configure:3036: result: yes
configure:3173: checking whether make supports nested variables
configure:3190: result: yes
configure:3231: checking build system type
configure:3245: result: x86_64-pc-linux-gnu
configure:3265: checking host system type
configure:3278: result: x86_64-pc-linux-gnu
configure:3319: checking how to print strings
configure:3346: result: printf
configure:3371: checking whether make supports the include directive
configure:3386: make -f confmf.GNU && cat confinc.out
this is the am__doit target
configure:3389: $? = 0
configure:3408: result: yes (GNU style)
configure:3478: checking for gcc
configure:3494: found /usr/bin/gcc
configure:3505: result: gcc
configure:3734: checking for C compiler version
configure:3743: gcc --version >&5
gcc (Ubuntu 9.3.0-17ubuntu1~20.04) 9.3.0
Copyright (C) 2019 Free Software Foundation, Inc.
This is free software; see the source for copying conditions.  There is NO
warranty; not even for MERCHANTABILITY or FITNESS FOR A PARTICULAR PURPOSE.

configure:3754: $? = 0
configure:3743: gcc -v >&5
Using built-in specs.
COLLECT_GCC=gcc
COLLECT_LTO_WRAPPER=/usr/lib/gcc/x86_64-linux-gnu/9/lto-wrapper
OFFLOAD_TARGET_NAMES=nvptx-none:hsa
OFFLOAD_TARGET_DEFAULT=1
Target: x86_64-linux-gnu
Configured with: ../src/configure -v --with-pkgversion='Ubuntu 9.3.0-17ubuntu1~20.04' --with-bugurl=file:///usr/share/doc/gcc-9/README.Bugs --enable-languages=c,ada,c++,go,brig,d,fortran,objc,obj-c++,gm2 --prefix=/usr --with-gcc-major-version-only --program-suffix=-9 --program-prefix=x86_64-linux-gnu- --enable-shared --enable-linker-build-id --libexecdir=/usr/lib --without-included-gettext --enable-threads=posix --libdir=/usr/lib --enable-nls --enable-clocale=gnu --enable-libstdcxx-debug --enable-libstdcxx-time=yes --with-default-libstdcxx-abi=new --enable-gnu-unique-object --disable-vtable-verify --enable-plugin --enable-default-pie --with-system-zlib --with-target-system-zlib=auto --enable-objc-gc=auto --enable-multiarch --disable-werror --with-arch-32=i686 --with-abi=m64 --with-multilib-list=m32,m64,mx32 --enable-multilib --with-tune=generic --enable-offload-targets=nvptx-none=/build/gcc-9-HskZEa/gcc-9-9.3.0/debian/tmp-nvptx/usr,hsa --without-cuda-driver --enable-checking=release --build=x86_64-linux-gnu --host=x86_64-linux-gnu --target=x86_64-linux-gnu
Thread model: posix
gcc version 9.3.0 (Ubuntu 9.3.0-17ubuntu1~20.04) 
configure:3754: $? = 0
configure:3743: gcc -V >&5
gcc: error: unrecognized command line option '-V'
gcc: fatal error: no input files
compilation terminated.
configure:3754: $? = 1
configure:3743: gcc -qversion >&5
gcc: error: unrecognized command line option '-qversion'; did you mean '--version'?
gcc: fatal error: no input files
compilation terminated.
configure:3754: $? = 1
configure:3774: checking whether the C compiler works
configure:3796: gcc    conftest.c  >&5
configure:3800: $? = 0
configure:3848: result: yes
configure:3851: checking for C compiler default output file name
configure:3853: result: a.out
configure:3859: checking for suffix of executables
configure:3866: gcc -o conftest    conftest.c  >&5
configure:3870: $? = 0
configure:3892: result: 
configure:3914: checking whether we are cross compiling
configure:3922: gcc -o conftest    conftest.c  >&5
configure:3926: $? = 0
configure:3933: ./conftest
configure:3937: $? = 0
configure:3925: result: no
configure:3930: checking for suffix of object files
configure:3952: gcc -c   conftest.c >&5
configure:3956: $? = 0
configure:3977: result: o
configure:3981: checking whether we are using the GNU C compiler
configure:4000: gcc -c   conftest.c >&5
configure:4000: $? = 0
configure:4009: result: yes
configure:4018: checking whether gcc accepts -g
configure:4038: gcc -c -g  conftest.c >&5
configure:4038: $? = 0
configure:4079: result: yes
configure:4096: checking for gcc option to accept ISO C89
configure:4159: gcc  -c -g -O2  conftest.c >&5
configure:4159: $? = 0
configure:4172: result: none needed
configure:4197: checking whether gcc understands -c and -o together
configure:4219: gcc -c conftest.c -o conftest2.o
configure:4222: $? = 0
configure:4219: gcc -c conftest.c -o conftest2.o
configure:4222: $? = 0
configure:4234: result: yes
configure:4253: checking dependency style of gcc
configure:4364: result: gcc3
configure:4379: checking for a sed that does not truncate output
configure:4443: result: /usr/bin/sed
configure:4461: checking for grep that handles long lines and -e
configure:4519: result: /usr/bin/grep
configure:4524: checking for egrep
configure:4586: result: /usr/bin/grep -E
configure:4591: checking for fgrep
configure:4653: result: /usr/bin/grep -F
configure:4688: checking for ld used by gcc
configure:4755: result: /usr/bin/ld
configure:4762: checking if the linker (/usr/bin/ld) is GNU ld
configure:4777: result: yes
configure:4789: checking for BSD- or MS-compatible name lister (nm)
configure:4843: result: /usr/bin/nm -B
configure:4973: checking the name lister (/usr/bin/nm -B) interface
configure:4980: gcc -c -g -O2  conftest.c >&5
configure:4983: /usr/bin/nm -B "conftest.o"
configure:4986: output
0000000000000000 B some_variable
configure:4987: result: BSD nm
configure:4990: checking whether ln -s works
configure:4994: result: yes
configure:5002: checking the maximum length of command line arguments
configure:5133: result: 1572864
configure:5181: checking how to convert x86_64-pc-linux-gnu file names to x86_64-pc-linux-gnu format
configure:5221: result: func_convert_file_noop
configure:5228: checking how to convert x86_64-pc-linux-gnu file names to toolchain format
configure:5248: result: func_convert_file_noop
configure:5255: checking for /usr/bin/ld option to reload object files
configure:5262: result: -r
configure:5336: checking for objdump
configure:5352: found /usr/bin/objdump
configure:5363: result: objdump
configure:5395: checking how to recognize dependent libraries
configure:5595: result: pass_all
configure:5680: checking for dlltool
configure:5710: result: no
configure:5740: checking how to associate runtime and link libraries
configure:5767: result: printf %s\n
configure:5828: checking for ar
configure:5844: found /usr/bin/ar
configure:5855: result: ar
configure:5892: checking for archiver @FILE support
configure:5909: gcc -c -g -O2  conftest.c >&5
configure:5909: $? = 0
configure:5912: ar cr libconftest.a @conftest.lst >&5
configure:5915: $? = 0
configure:5920: ar cr libconftest.a @conftest.lst >&5
ar: conftest.o: No such file or directory
configure:5923: $? = 1
configure:5922: result: @
configure:5980: checking for strip
configure:5996: found /usr/bin/strip
configure:6007: result: strip
configure:6079: checking for ranlib
configure:6095: found /usr/bin/ranlib
configure:6106: result: ranlib
configure:6208: checking command to parse /usr/bin/nm -B output from gcc object
configure:6361: gcc -c -g -O2  conftest.c >&5
configure:6364: $? = 0
configure:6368: /usr/bin/nm -B conftest.o | sed -n -e 's/^.*[	 ]\([ABCDGIRSTW][ABCDGIRSTW]*\)[	 ][	 ]*\([_A-Za-z][_A-Za-z0-9]*\)$/\1 \2 \2/p' | sed '/ __gnu_lto/d' > conftest.nm
configure:6434: gcc -o conftest -g -O2   conftest.c conftstm.o >&5
configure:6437: $? = 0
configure:6475: result: ok
configure:6522: checking for sysroot
configure:6552: result: no
configure:6559: checking for a working dd
configure:6597: result: /usr/bin/dd
configure:6601: checking how to truncate binary pipes
configure:6616: result: /usr/bin/dd bs=4096 count=1
configure:6752: gcc -c -g -O2  conftest.c >&5
configure:6755: $? = 0
configure:6945: checking for mt
configure:6961: found /usr/bin/mt
configure:6972: result: mt
configure:6995: checking if mt is a manifest tool
configure:7001: mt '-?'
configure:7009: result: no
configure:7686: checking how to run the C preprocessor
configure:7717: gcc -E  conftest.c
configure:7717: $? = 0
configure:7731: gcc -E  conftest.c
conftest.c:11:10: fatal error: ac_nonexistent.h: No such file or directory
   11 | #include <ac_nonexistent.h>
      |          ^~~~~~~~~~~~~~~~~~
compilation terminated.
configure:7731: $? = 1
configure: failed program was:
| /* confdefs.h */
| #define PACKAGE_NAME "pebblesdb"
| #define PACKAGE_TARNAME "pebblesdb"
| #define PACKAGE_VERSION "1.0.dev"
| #define PACKAGE_STRING "pebblesdb 1.0.dev"
| #define PACKAGE_BUGREPORT "vijay@cs.utexas.edu"
| #define PACKAGE_URL ""
| #define PACKAGE "pebblesdb"
| #define VERSION "1.0.dev"
| /* end confdefs.h.  */
| #include <ac_nonexistent.h>
configure:7756: result: gcc -E
configure:7776: gcc -E  conftest.c
configure:7776: $? = 0
configure:7790: gcc -E  conftest.c
conftest.c:11:10: fatal error: ac_nonexistent.h: No such file or directory
   11 | #include <ac_nonexistent.h>
      |          ^~~~~~~~~~~~~~~~~~
compilation terminated.
configure:7790: $? = 1
configure: failed program was:
| /* confdefs.h */
| #define PACKAGE_NAME "pebblesdb"
| #define PACKAGE_TARNAME "pebblesdb"
| #define PACKAGE_VERSION "1.0.dev"
| #define PACKAGE_STRING "pebblesdb 1.0.dev"
| #define PACKAGE_BUGREPORT "vijay@cs.utexas.edu"
| #define PACKAGE_URL ""
| #define PACKAGE "pebblesdb"
| #define VERSION "1.0.dev"
| /* end confdefs.h.  */
| #include <ac_nonexistent.h>
configure:7819: checking for ANSI C header files
configure:7839: gcc -c -g -O2  conftest.c >&5
configure:7839: $? = 0
configure:7912: gcc -o conftest -g -O2   conftest.c  >&5
configure:7912: $? = 0
configure:7912: ./conftest
configure:7912: $? = 0
configure:7923: result: yes
configure:7936: checking for sys/types.h
configure:7936: gcc -c -g -O2  conftest.c >&5
configure:7936: $? = 0
configure:7936: result: yes
configure:7936: checking for sys/stat.h
configure:7936: gcc -c -g -O2  conftest.c >&5
configure:7936: $? = 0
configure:7936: result: yes
configure:7936: checking for stdlib.h
configure:7936: gcc -c -g -O2  conftest.c >&5
configure:7936: $? = 0
configure:7936: result: yes
configure:7936: checking for string.h
configure:7936: gcc -c -g -O2  conftest.c >&5
configure:7936: $? = 0
configure:7936: result: yes
configure:7936: checking for memory.h
configure:7936: gcc -c -g -O2  conftest.c >&5
configure:7936: $? = 0
configure:7936: result: yes
configure:7936: checking for strings.h
configure:7936: gcc -c -g -O2  conftest.c >&5
configure:7936: $? = 0
configure:7936: result: yes
configure:7936: checking for inttypes.h
configure:7936: gcc -c -g -O2  conftest.c >&5
configure:7936: $? = 0
configure:7936: result: yes
configure:7936: checking for stdint.h
configure:7936: gcc -c -g -O2  conftest.c >&5
configure:7936: $? = 0
configure:7936: result: yes
configure:7936: checking for unistd.h
configure:7936: gcc -c -g -O2  conftest.c >&5
configure:7936: $? = 0
configure:7936: result: yes
configure:7950: checking for dlfcn.h
configure:7950: gcc -c -g -O2  conftest.c >&5
configure:7950: $? = 0
configure:7950: result: yes
configure:8206: checking for objdir
configure:8221: result: .libs
configure:8485: checking if gcc supports -fno-rtti -fno-exceptions
configure:8503: gcc -c -g -O2  -fno-rtti -fno-exceptions conftest.c >&5
cc1: warning: command line option '-fno-rtti' is valid for C++/D/ObjC++ but not for C
configure:8507: $? = 0
configure:8520: result: no
configure:8884: checking for gcc option to produce PIC
configure:8891: result: -fPIC -DPIC
configure:8899: checking if gcc PIC flag -fPIC -DPIC works
configure:8917: gcc -c -g -O2  -fPIC -DPIC -DPIC conftest.c >&5
configure:8921: $? = 0
configure:8934: result: yes
configure:8963: checking if gcc static flag -static works
configure:8991: result: yes
configure:9006: checking if gcc supports -c -o file.o
configure:9027: gcc -c -g -O2  -o out/conftest2.o conftest.c >&5
configure:9031: $? = 0
configure:9053: result: yes
configure:9061: checking if gcc supports -c -o file.o
configure:9108: result: yes
configure:9141: checking whether the gcc linker (/usr/bin/ld -m elf_x86_64) supports shared libraries
configure:10404: result: yes
configure:10441: checking whether -lc should be explicitly linked in
configure:10449: gcc -c -g -O2  conftest.c >&5
configure:10452: $? = 0
configure:10467: gcc -shared  -fPIC -DPIC conftest.o  -v -Wl,-soname -Wl,conftest -o conftest 2\>\&1 \| /usr/bin/grep  -lc  \>/dev/null 2\>\&1
configure:10470: $? = 0
configure:10484: result: no
configure:10644: checking dynamic linker characteristics
configure:11225: gcc -o conftest -g -O2   -Wl,-rpath -Wl,/foo conftest.c  >&5
configure:11225: $? = 0
configure:11474: result: GNU/Linux ld.so
configure:11596: checking how to hardcode library paths into programs
configure:11621: result: immediate
configure:12169: checking whether stripping libraries is possible
configure:12174: result: yes
configure:12209: checking if libtool supports shared libraries
configure:12211: result: yes
configure:12214: checking whether to build shared libraries
configure:12239: result: yes
configure:12242: checking whether to build static libraries
configure:12246: result: yes
configure:9123: checking for g++
configure:9139: found /usr/bin/g++
configure:9150: result: g++
configure:9177: checking for C++ compiler version
configure:9186: g++ --version >&5
g++ (Ubuntu 9.3.0-17ubuntu1~20.04) 9.3.0
Copyright (C) 2019 Free Software Foundation, Inc.
This is free software; see the source for copying conditions.  There is NO
warranty; not even for MERCHANTABILITY or FITNESS FOR A PARTICULAR PURPOSE.

configure:9197: $? = 0
configure:9186: g++ -v >&5
Using built-in specs.
COLLECT_GCC=g++
COLLECT_LTO_WRAPPER=/usr/lib/gcc/x86_64-linux-gnu/9/lto-wrapper
OFFLOAD_TARGET_NAMES=nvptx-none:hsa
OFFLOAD_TARGET_DEFAULT=1
Target: x86_64-linux-gnu
Configured with: ../src/configure -v --with-pkgversion='Ubuntu 9.3.0-17ubuntu1~20.04' --with-bugurl=file:///usr/share/doc/gcc-9/README.Bugs --enable-languages=c,ada,c++,go,brig,d,fortran,objc,obj-c++,gm2 --prefix=/usr --with-gcc-major-version-only --program-suffix=-9 --program-prefix=x86_64-linux-gnu- --enable-shared --enable-linker-build-id --libexecdir=/usr/lib --without-included-gettext --enable-threads=posix --libdir=/usr/lib --enable-nls --enable-clocale=gnu --enable-libstdcxx-debug --enable-libstdcxx-time=yes --with-default-libstdcxx-abi=new --enable-gnu-unique-object --disable-vtable-verify --enable-plugin --enable-default-pie --with-system-zlib --with-target-system-zlib=auto --enable-objc-gc=auto --enable-multiarch --disable-werror --with-arch-32=i686 --with-abi=m64 --with-multilib-list=m32,m64,mx32 --enable-multilib --with-tune=generic --enable-offload-targets=nvptx-none=/build/gcc-9-HskZEa/gcc-9-9.3.0/debian/tmp-nvptx/usr,hsa --without-cuda-driver --enable-checking=release --build=x86_64-linux-gnu --host=x86_64-linux-gnu --target=x86_64-linux-gnu
Thread model: posix
gcc version 9.3.0 (Ubuntu 9.3.0-17ubuntu1~20.04) 
configure:9197: $? = 0
configure:9186: g++ -V >&5
g++: error: unrecognized command line option '-V'
g++: fatal error: no input files
compilation terminated.
configure:9197: $? = 1
configure:9186: g++ -qversion >&5
g++: error: unrecognized command line option '-qversion'; did you mean '--version'?
g++: fatal error: no input files
compilation terminated.
configure:9197: $? = 1
configure:9201: checking whether we are using the GNU C++ compiler
configure:9220: g++ -c   conftest.cpp >&5
configure:9220: $? = 0
configure:9229: result: yes
configure:9238: checking whether g++ accepts -g
configure:9258: g++ -c -g  conftest.cpp >&5
configure:9258: $? = 0
configure:9299: result: yes
configure:9324: checking dependency style of g++
configure:9435: result: gcc3
configure:9468: checking how to run the C++ preprocessor
configure:9495: g++ -E  conftest.cpp
configure:9495: $? = 0
configure:9509: g++ -E  conftest.cpp
conftest.cpp:23:10: fatal error: ac_nonexistent.h: No such file or directory
   23 | #include <ac_nonexistent.h>
      |          ^~~~~~~~~~~~~~~~~~
compilation terminated.
configure:9509: $? = 1
configure: failed program was:
| /* confdefs.h */
| #define PACKAGE_NAME "pebblesdb"
| #define PACKAGE_TARNAME "pebblesdb"
| #define PACKAGE_VERSION "1.0.dev"
| #define PACKAGE_STRING "pebblesdb 1.0.dev"
| #define PACKAGE_BUGREPORT "vijay@cs.utexas.edu"
| #define PACKAGE_URL ""
| #define PACKAGE "pebblesdb"
| #define VERSION "1.0.dev"
| #define STDC_HEADERS 1
| #define HAVE_SYS_TYPES_H 1
| #define HAVE_SYS_STAT_H 1
| #define HAVE_STDLIB_H 1
| #define HAVE_STRING_H 1
| #define HAVE_MEMORY_H 1
| #define HAVE_STRINGS_H 1
| #define HAVE_INTTYPES_H 1
| #define HAVE_STDINT_H 1
| #define HAVE_UNISTD_H 1
| #define HAVE_DLFCN_H 1
| #define LT_OBJDIR ".libs/"
| /* end confdefs.h.  */
| #include <ac_nonexistent.h>
configure:9534: result: g++ -E
configure:9554: g++ -E  conftest.cpp
configure:9554: $? = 0
configure:9568: g++ -E  conftest.cpp
conftest.cpp:23:10: fatal error: ac_nonexistent.h: No such file or directory
   23 | #include <ac_nonexistent.h>
      |          ^~~~~~~~~~~~~~~~~~
compilation terminated.
configure:9568: $? = 1
configure: failed program was:
| /* confdefs.h */
| #define PACKAGE_NAME "pebblesdb"
| #define PACKAGE_TARNAME "pebblesdb"
| #define PACKAGE_VERSION "1.0.dev"
| #define PACKAGE_STRING "pebblesdb 1.0.dev"
| #define PACKAGE_BUGREPORT "vijay@cs.utexas.edu"
| #define PACKAGE_URL ""
| #define PACKAGE "pebblesdb"
| #define VERSION "1.0.dev"
| #define STDC_HEADERS 1
| #define HAVE_SYS_TYPES_H 1
| #define HAVE_SYS_STAT_H 1
| #define HAVE_STDLIB_H 1
| #define HAVE_STRING_H 1
| #define HAVE_MEMORY_H 1
| #define HAVE_STRINGS_H 1
| #define HAVE_INTTYPES_H 1
| #define HAVE_STDINT_H 1
| #define HAVE_UNISTD_H 1
| #define HAVE_DLFCN_H 1
| #define LT_OBJDIR ".libs/"
| /* end confdefs.h.  */
| #include <ac_nonexistent.h>
configure:9730: checking for ld used by g++
configure:9797: result: /usr/bin/ld -m elf_x86_64
configure:9804: checking if the linker (/usr/bin/ld -m elf_x86_64) is GNU ld
configure:9819: result: yes
configure:9874: checking whether the g++ linker (/usr/bin/ld -m elf_x86_64) supports shared libraries
configure:10947: result: yes
configure:10983: g++ -c -g -O2  conftest.cpp >&5
configure:10986: $? = 0
configure:11467: checking for g++ option to produce PIC
configure:11474: result: -fPIC -DPIC
configure:11482: checking if g++ PIC flag -fPIC -DPIC works
configure:11500: g++ -c -g -O2  -fPIC -DPIC -DPIC conftest.cpp >&5
configure:11504: $? = 0
configure:11517: result: yes
configure:11540: checking if g++ static flag -static works
configure:11568: result: yes
configure:11580: checking if g++ supports -c -o file.o
configure:11601: g++ -c -g -O2  -o out/conftest2.o conftest.cpp >&5
configure:11605: $? = 0
configure:11627: result: yes
configure:11632: checking if g++ supports -c -o file.o
configure:11679: result: yes
configure:11709: checking whether the g++ linker (/usr/bin/ld -m elf_x86_64) supports shared libraries
configure:11752: result: yes
configure:11893: checking dynamic linker characteristics
configure:12650: result: GNU/Linux ld.so
configure:12715: checking how to hardcode library paths into programs
configure:12740: result: immediate
configure:11659: checking for gcc
configure:11686: result: gcc
configure:11915: checking for C compiler version
configure:11924: gcc --version >&5
gcc (Ubuntu 9.3.0-17ubuntu1~20.04) 9.3.0
Copyright (C) 2019 Free Software Foundation, Inc.
This is free software; see the source for copying conditions.  There is NO
warranty; not even for MERCHANTABILITY or FITNESS FOR A PARTICULAR PURPOSE.

configure:11935: $? = 0
configure:11924: gcc -v >&5
Using built-in specs.
COLLECT_GCC=gcc
COLLECT_LTO_WRAPPER=/usr/lib/gcc/x86_64-linux-gnu/9/lto-wrapper
OFFLOAD_TARGET_NAMES=nvptx-none:hsa
OFFLOAD_TARGET_DEFAULT=1
Target: x86_64-linux-gnu
Configured with: ../src/configure -v --with-pkgversion='Ubuntu 9.3.0-17ubuntu1~20.04' --with-bugurl=file:///usr/share/doc/gcc-9/README.Bugs --enable-languages=c,ada,c++,go,brig,d,fortran,objc,obj-c++,gm2 --prefix=/usr --with-gcc-major-version-only --program-suffix=-9 --program-prefix=x86_64-linux-gnu- --enable-shared --enable-linker-build-id --libexecdir=/usr/lib --without-included-gettext --enable-threads=posix --libdir=/usr/lib --enable-nls --enable-clocale=gnu --enable-libstdcxx-debug --enable-libstdcxx-time=yes --with-default-libstdcxx-abi=new --enable-gnu-unique-object --disable-vtable-verify --enable-plugin --enable-default-pie --with-system-zlib --with-target-system-zlib=auto --enable-objc-gc=auto --enable-multiarch --disable-werror --with-arch-32=i686 --with-abi=m64 --with-multilib-list=m32,m64,mx32 --enable-multilib --with-tune=generic --enable-offload-targets=nvptx-none=/build/gcc-9-HskZEa/gcc-9-9.3.0/debian/tmp-nvptx/usr,hsa --without-cuda-driver --enable-checking=release --build=x86_64-linux-gnu --host=x86_64-linux-gnu --target=x86_64-linux-gnu
Thread model: posix
gcc version 9.3.0 (Ubuntu 9.3.0-17ubuntu1~20.04) 
configure:11935: $? = 0
configure:11924: gcc -V >&5
gcc: error: unrecognized command line option '-V'
gcc: fatal error: no input files
compilation terminated.
configure:11935: $? = 1
configure:11924: gcc -qversion >&5
gcc: error: unrecognized command line option '-qversion'; did you mean '--version'?
gcc: fatal error: no input files
compilation terminated.
configure:11935: $? = 1
configure:11939: checking whether we are using the GNU C compiler
configure:11967: result: yes
configure:11976: checking whether gcc accepts -g
configure:12037: result: yes
configure:12054: checking for gcc option to accept ISO C89
configure:12130: result: none needed
configure:12155: checking whether gcc understands -c and -o together
configure:12192: result: yes
configure:12211: checking dependency style of gcc
configure:12322: result: gcc3
configure:14820: checking whether C++ compiler accepts -fno-builtin-memcmp
configure:14839: g++ -c -g -O2  -fno-builtin-memcmp  conftest.cpp >&5
configure:14839: $? = 0
configure:14847: result: yes
configure:14855: checking whether C++ compiler accepts -fno-builtin-memmove
configure:14874: g++ -c -g -O2  -fno-builtin-memmove  conftest.cpp >&5
configure:14874: $? = 0
configure:14882: result: yes
configure:14890: checking whether C++ compiler accepts -Qunused-arguments
configure:14909: g++ -c -g -O2  -Qunused-arguments  conftest.cpp >&5
g++: error: unrecognized command line option '-Qunused-arguments'
configure:14909: $? = 1
configure: failed program was:
| /* confdefs.h */
| #define PACKAGE_NAME "pebblesdb"
| #define PACKAGE_TARNAME "pebblesdb"
| #define PACKAGE_VERSION "1.0.dev"
| #define PACKAGE_STRING "pebblesdb 1.0.dev"
| #define PACKAGE_BUGREPORT "vijay@cs.utexas.edu"
| #define PACKAGE_URL ""
| #define PACKAGE "pebblesdb"
| #define VERSION "1.0.dev"
| #define STDC_HEADERS 1
| #define HAVE_SYS_TYPES_H 1
| #define HAVE_SYS_STAT_H 1
| #define HAVE_STDLIB_H 1
| #define HAVE_STRING_H 1
| #define HAVE_MEMORY_H 1
| #define HAVE_STRINGS_H 1
| #define HAVE_INTTYPES_H 1
| #define HAVE_STDINT_H 1
| #define HAVE_UNISTD_H 1
| #define HAVE_DLFCN_H 1
| #define LT_OBJDIR ".libs/"
| /* end confdefs.h.  */
| 
| int
| main ()
| {
| 
|   ;
|   return 0;
| }
configure:14917: result: no
configure:14936: checking endian.h usability
configure:14936: g++ -c -g -O2  conftest.cpp >&5
configure:14936: $? = 0
configure:14936: result: yes
configure:14936: checking endian.h presence
configure:14936: g++ -E  conftest.cpp
configure:14936: $? = 0
configure:14936: result: yes
configure:14936: checking for endian.h
configure:14936: result: yes
configure:14936: checking machine/endian.h usability
configure:14936: g++ -c -g -O2  conftest.cpp >&5
conftest.cpp:57:10: fatal error: machine/endian.h: No such file or directory
   57 | #include <machine/endian.h>
      |          ^~~~~~~~~~~~~~~~~~
compilation terminated.
configure:14936: $? = 1
configure: failed program was:
| /* confdefs.h */
| #define PACKAGE_NAME "pebblesdb"
| #define PACKAGE_TARNAME "pebblesdb"
| #define PACKAGE_VERSION "1.0.dev"
| #define PACKAGE_STRING "pebblesdb 1.0.dev"
| #define PACKAGE_BUGREPORT "vijay@cs.utexas.edu"
| #define PACKAGE_URL ""
| #define PACKAGE "pebblesdb"
| #define VERSION "1.0.dev"
| #define STDC_HEADERS 1
| #define HAVE_SYS_TYPES_H 1
| #define HAVE_SYS_STAT_H 1
| #define HAVE_STDLIB_H 1
| #define HAVE_STRING_H 1
| #define HAVE_MEMORY_H 1
| #define HAVE_STRINGS_H 1
| #define HAVE_INTTYPES_H 1
| #define HAVE_STDINT_H 1
| #define HAVE_UNISTD_H 1
| #define HAVE_DLFCN_H 1
| #define LT_OBJDIR ".libs/"
| #define HAVE_ENDIAN_H 1
| /* end confdefs.h.  */
| #include <stdio.h>
| #ifdef HAVE_SYS_TYPES_H
| # include <sys/types.h>
| #endif
| #ifdef HAVE_SYS_STAT_H
| # include <sys/stat.h>
| #endif
| #ifdef STDC_HEADERS
| # include <stdlib.h>
| # include <stddef.h>
| #else
| # ifdef HAVE_STDLIB_H
| #  include <stdlib.h>
| # endif
| #endif
| #ifdef HAVE_STRING_H
| # if !defined STDC_HEADERS && defined HAVE_MEMORY_H
| #  include <memory.h>
| # endif
| # include <string.h>
| #endif
| #ifdef HAVE_STRINGS_H
| # include <strings.h>
| #endif
| #ifdef HAVE_INTTYPES_H
| # include <inttypes.h>
| #endif
| #ifdef HAVE_STDINT_H
| # include <stdint.h>
| #endif
| #ifdef HAVE_UNISTD_H
| # include <unistd.h>
| #endif
| #include <machine/endian.h>
configure:14936: result: no
configure:14936: checking machine/endian.h presence
configure:14936: g++ -E  conftest.cpp
conftest.cpp:24:10: fatal error: machine/endian.h: No such file or directory
   24 | #include <machine/endian.h>
      |          ^~~~~~~~~~~~~~~~~~
compilation terminated.
configure:14936: $? = 1
configure: failed program was:
| /* confdefs.h */
| #define PACKAGE_NAME "pebblesdb"
| #define PACKAGE_TARNAME "pebblesdb"
| #define PACKAGE_VERSION "1.0.dev"
| #define PACKAGE_STRING "pebblesdb 1.0.dev"
| #define PACKAGE_BUGREPORT "vijay@cs.utexas.edu"
| #define PACKAGE_URL ""
| #define PACKAGE "pebblesdb"
| #define VERSION "1.0.dev"
| #define STDC_HEADERS 1
| #define HAVE_SYS_TYPES_H 1
| #define HAVE_SYS_STAT_H 1
| #define HAVE_STDLIB_H 1
| #define HAVE_STRING_H 1
| #define HAVE_MEMORY_H 1
| #define HAVE_STRINGS_H 1
| #define HAVE_INTTYPES_H 1
| #define HAVE_STDINT_H 1
| #define HAVE_UNISTD_H 1
| #define HAVE_DLFCN_H 1
| #define LT_OBJDIR ".libs/"
| #define HAVE_ENDIAN_H 1
| /* end confdefs.h.  */
| #include <machine/endian.h>
configure:14936: result: no
configure:14936: checking for machine/endian.h
configure:14936: result: no
configure:14936: checking sys/endian.h usability
configure:14936: g++ -c -g -O2  conftest.cpp >&5
conftest.cpp:57:10: fatal error: sys/endian.h: No such file or directory
   57 | #include <sys/endian.h>
      |          ^~~~~~~~~~~~~~
compilation terminated.
configure:14936: $? = 1
configure: failed program was:
| /* confdefs.h */
| #define PACKAGE_NAME "pebblesdb"
| #define PACKAGE_TARNAME "pebblesdb"
| #define PACKAGE_VERSION "1.0.dev"
| #define PACKAGE_STRING "pebblesdb 1.0.dev"
| #define PACKAGE_BUGREPORT "vijay@cs.utexas.edu"
| #define PACKAGE_URL ""
| #define PACKAGE "pebblesdb"
| #define VERSION "1.0.dev"
| #define STDC_HEADERS 1
| #define HAVE_SYS_TYPES_H 1
| #define HAVE_SYS_STAT_H 1
| #define HAVE_STDLIB_H 1
| #define HAVE_STRING_H 1
| #define HAVE_MEMORY_H 1
| #define HAVE_STRINGS_H 1
| #define HAVE_INTTYPES_H 1
| #define HAVE_STDINT_H 1
| #define HAVE_UNISTD_H 1
| #define HAVE_DLFCN_H 1
| #define LT_OBJDIR ".libs/"
| #define HAVE_ENDIAN_H 1
| /* end confdefs.h.  */
| #include <stdio.h>
| #ifdef HAVE_SYS_TYPES_H
| # include <sys/types.h>
| #endif
| #ifdef HAVE_SYS_STAT_H
| # include <sys/stat.h>
| #endif
| #ifdef STDC_HEADERS
| # include <stdlib.h>
| # include <stddef.h>
| #else
| # ifdef HAVE_STDLIB_H
| #  include <stdlib.h>
| # endif
| #endif
| #ifdef HAVE_STRING_H
| # if !defined STDC_HEADERS && defined HAVE_MEMORY_H
| #  include <memory.h>
| # endif
| # include <string.h>
| #endif
| #ifdef HAVE_STRINGS_H
| # include <strings.h>
| #endif
| #ifdef HAVE_INTTYPES_H
| # include <inttypes.h>
| #endif
| #ifdef HAVE_STDINT_H
| # include <stdint.h>
| #endif
| #ifdef HAVE_UNISTD_H
| # include <unistd.h>
| #endif
| #include <sys/endian.h>
configure:14936: result: no
configure:14936: checking sys/endian.h presence
configure:14936: g++ -E  conftest.cpp
conftest.cpp:24:10: fatal error: sys/endian.h: No such file or directory
   24 | #include <sys/endian.h>
      |          ^~~~~~~~~~~~~~
compilation terminated.
configure:14936: $? = 1
configure: failed program was:
| /* confdefs.h */
| #define PACKAGE_NAME "pebblesdb"
| #define PACKAGE_TARNAME "pebblesdb"
| #define PACKAGE_VERSION "1.0.dev"
| #define PACKAGE_STRING "pebblesdb 1.0.dev"
| #define PACKAGE_BUGREPORT "vijay@cs.utexas.edu"
| #define PACKAGE_URL ""
| #define PACKAGE "pebblesdb"
| #define VERSION "1.0.dev"
| #define STDC_HEADERS 1
| #define HAVE_SYS_TYPES_H 1
| #define HAVE_SYS_STAT_H 1
| #define HAVE_STDLIB_H 1
| #define HAVE_STRING_H 1
| #define HAVE_MEMORY_H 1
| #define HAVE_STRINGS_H 1
| #define HAVE_INTTYPES_H 1
| #define HAVE_STDINT_H 1
| #define HAVE_UNISTD_H 1
| #define HAVE_DLFCN_H 1
| #define LT_OBJDIR ".libs/"
| #define HAVE_ENDIAN_H 1
| /* end confdefs.h.  */
| #include <sys/endian.h>
configure:14936: result: no
configure:14936: checking for sys/endian.h
configure:14936: result: no
configure:14936: checking sys/isa_defs.h usability
configure:14936: g++ -c -g -O2  conftest.cpp >&5
conftest.cpp:57:10: fatal error: sys/isa_defs.h: No such file or directory
   57 | #include <sys/isa_defs.h>
      |          ^~~~~~~~~~~~~~~~
compilation terminated.
configure:14936: $? = 1
configure: failed program was:
| /* confdefs.h */
| #define PACKAGE_NAME "pebblesdb"
| #define PACKAGE_TARNAME "pebblesdb"
| #define PACKAGE_VERSION "1.0.dev"
| #define PACKAGE_STRING "pebblesdb 1.0.dev"
| #define PACKAGE_BUGREPORT "vijay@cs.utexas.edu"
| #define PACKAGE_URL ""
| #define PACKAGE "pebblesdb"
| #define VERSION "1.0.dev"
| #define STDC_HEADERS 1
| #define HAVE_SYS_TYPES_H 1
| #define HAVE_SYS_STAT_H 1
| #define HAVE_STDLIB_H 1
| #define HAVE_STRING_H 1
| #define HAVE_MEMORY_H 1
| #define HAVE_STRINGS_H 1
| #define HAVE_INTTYPES_H 1
| #define HAVE_STDINT_H 1
| #define HAVE_UNISTD_H 1
| #define HAVE_DLFCN_H 1
| #define LT_OBJDIR ".libs/"
| #define HAVE_ENDIAN_H 1
| /* end confdefs.h.  */
| #include <stdio.h>
| #ifdef HAVE_SYS_TYPES_H
| # include <sys/types.h>
| #endif
| #ifdef HAVE_SYS_STAT_H
| # include <sys/stat.h>
| #endif
| #ifdef STDC_HEADERS
| # include <stdlib.h>
| # include <stddef.h>
| #else
| # ifdef HAVE_STDLIB_H
| #  include <stdlib.h>
| # endif
| #endif
| #ifdef HAVE_STRING_H
| # if !defined STDC_HEADERS && defined HAVE_MEMORY_H
| #  include <memory.h>
| # endif
| # include <string.h>
| #endif
| #ifdef HAVE_STRINGS_H
| # include <strings.h>
| #endif
| #ifdef HAVE_INTTYPES_H
| # include <inttypes.h>
| #endif
| #ifdef HAVE_STDINT_H
| # include <stdint.h>
| #endif
| #ifdef HAVE_UNISTD_H
| # include <unistd.h>
| #endif
| #include <sys/isa_defs.h>
configure:14936: result: no
configure:14936: checking sys/isa_defs.h presence
configure:14936: g++ -E  conftest.cpp
conftest.cpp:24:10: fatal error: sys/isa_defs.h: No such file or directory
   24 | #include <sys/isa_defs.h>
      |          ^~~~~~~~~~~~~~~~
compilation terminated.
configure:14936: $? = 1
configure: failed program was:
| /* confdefs.h */
| #define PACKAGE_NAME "pebblesdb"
| #define PACKAGE_TARNAME "pebblesdb"
| #define PACKAGE_VERSION "1.0.dev"
| #define PACKAGE_STRING "pebblesdb 1.0.dev"
| #define PACKAGE_BUGREPORT "vijay@cs.utexas.edu"
| #define PACKAGE_URL ""
| #define PACKAGE "pebblesdb"
| #define VERSION "1.0.dev"
| #define STDC_HEADERS 1
| #define HAVE_SYS_TYPES_H 1
| #define HAVE_SYS_STAT_H 1
| #define HAVE_STDLIB_H 1
| #define HAVE_STRING_H 1
| #define HAVE_MEMORY_H 1
| #define HAVE_STRINGS_H 1
| #define HAVE_INTTYPES_H 1
| #define HAVE_STDINT_H 1
| #define HAVE_UNISTD_H 1
| #define HAVE_DLFCN_H 1
| #define LT_OBJDIR ".libs/"
| #define HAVE_ENDIAN_H 1
| /* end confdefs.h.  */
| #include <sys/isa_defs.h>
configure:14936: result: no
configure:14936: checking for sys/isa_defs.h
configure:14936: result: no
configure:14936: checking for sys/types.h
configure:14936: result: yes
configure:14950: checking for error_at_line
configure:14966: g++ -o conftest -g -O2   conftest.cpp  >&5
configure:14966: $? = 0
configure:14974: result: yes
configure:14991: checking for stdlib.h
configure:14991: result: yes
configure:14991: checking for unistd.h
configure:14991: result: yes
configure:14991: checking for sys/param.h
configure:14991: g++ -c -g -O2  conftest.cpp >&5
configure:14991: $? = 0
configure:14991: result: yes
configure:15011: checking for getpagesize
configure:15011: g++ -o conftest -g -O2   conftest.cpp  >&5
configure:15011: $? = 0
configure:15011: result: yes
configure:15020: checking for working mmap
configure:15169: g++ -o conftest -g -O2   conftest.cpp  >&5
configure:15169: $? = 0
configure:15169: ./conftest
configure:15169: $? = 0
configure:15179: result: yes
configure:15191: checking for alarm
configure:15191: g++ -o conftest -g -O2   conftest.cpp  >&5
configure:15191: $? = 0
configure:15191: result: yes
configure:15191: checking for clock_gettime
configure:15191: g++ -o conftest -g -O2   conftest.cpp  >&5
configure:15191: $? = 0
configure:15191: result: yes
configure:15191: checking for mach_absolute_time
configure:15191: g++ -o conftest -g -O2   conftest.cpp  >&5
/usr/bin/ld: /tmp/ccxjg7lU.o: in function `main':
/home/dc/zcj/pebblesdb/src/conftest.cpp:66: undefined reference to `mach_absolute_time'
collect2: error: ld returned 1 exit status
configure:15191: $? = 1
configure: failed program was:
| /* confdefs.h */
| #define PACKAGE_NAME "pebblesdb"
| #define PACKAGE_TARNAME "pebblesdb"
| #define PACKAGE_VERSION "1.0.dev"
| #define PACKAGE_STRING "pebblesdb 1.0.dev"
| #define PACKAGE_BUGREPORT "vijay@cs.utexas.edu"
| #define PACKAGE_URL ""
| #define PACKAGE "pebblesdb"
| #define VERSION "1.0.dev"
| #define STDC_HEADERS 1
| #define HAVE_SYS_TYPES_H 1
| #define HAVE_SYS_STAT_H 1
| #define HAVE_STDLIB_H 1
| #define HAVE_STRING_H 1
| #define HAVE_MEMORY_H 1
| #define HAVE_STRINGS_H 1
| #define HAVE_INTTYPES_H 1
| #define HAVE_STDINT_H 1
| #define HAVE_UNISTD_H 1
| #define HAVE_DLFCN_H 1
| #define LT_OBJDIR ".libs/"
| #define HAVE_ENDIAN_H 1
| #define HAVE_SYS_TYPES_H 1
| #define HAVE_STDLIB_H 1
| #define HAVE_UNISTD_H 1
| #define HAVE_SYS_PARAM_H 1
| #define HAVE_GETPAGESIZE 1
| #define HAVE_MMAP 1
| #define HAVE_ALARM 1
| #define HAVE_CLOCK_GETTIME 1
| /* end confdefs.h.  */
| /* Define mach_absolute_time to an innocuous variant, in case <limits.h> declares mach_absolute_time.
|    For example, HP-UX 11i <limits.h> declares gettimeofday.  */
| #define mach_absolute_time innocuous_mach_absolute_time
| 
| /* System header to define __stub macros and hopefully few prototypes,
|     which can conflict with char mach_absolute_time (); below.
|     Prefer <limits.h> to <assert.h> if __STDC__ is defined, since
|     <limits.h> exists even on freestanding compilers.  */
| 
| #ifdef __STDC__
| # include <limits.h>
| #else
| # include <assert.h>
| #endif
| 
| #undef mach_absolute_time
| 
| /* Override any GCC internal prototype to avoid an error.
|    Use char because int might match the return type of a GCC
|    builtin and then its argument prototype would still apply.  */
| #ifdef __cplusplus
| extern "C"
| #endif
| char mach_absolute_time ();
| /* The GNU C library defines this for functions which it implements
|     to always fail with ENOSYS.  Some functions are actually named
|     something starting with __ and the normal name is an alias.  */
| #if defined __stub_mach_absolute_time || defined __stub___mach_absolute_time
| choke me
| #endif
| 
| int
| main ()
| {
| return mach_absolute_time ();
|   ;
|   return 0;
| }
configure:15191: result: no
configure:15191: checking for ftruncate
configure:15191: g++ -o conftest -g -O2   conftest.cpp  >&5
configure:15191: $? = 0
configure:15191: result: yes
configure:15191: checking for fsync
configure:15191: g++ -o conftest -g -O2   conftest.cpp  >&5
configure:15191: $? = 0
configure:15191: result: yes
configure:15203: checking for fread
configure:15203: g++ -o conftest -g -O2   conftest.cpp  >&5
configure:15203: $? = 0
configure:15203: result: yes
configure:15203: checking for fread_unlocked
configure:15203: g++ -o conftest -g -O2   conftest.cpp  >&5
configure:15203: $? = 0
configure:15203: result: yes
configure:15203: checking for fwrite
configure:15203: g++ -o conftest -g -O2   conftest.cpp  >&5
conftest.cpp:59:6: warning: declaration of 'char fwrite()' conflicts with built-in declaration 'long unsigned int fwrite(const void*, long unsigned int, long unsigned int, void*)' [-Wbuiltin-declaration-mismatch]
   59 | char fwrite ();
      |      ^~~~~~
configure:15203: $? = 0
configure:15203: result: yes
configure:15203: checking for fwrite_unlocked
configure:15203: g++ -o conftest -g -O2   conftest.cpp  >&5
conftest.cpp:60:6: warning: declaration of 'char fwrite_unlocked()' conflicts with built-in declaration 'long unsigned int fwrite_unlocked(const void*, long unsigned int, long unsigned int, void*)' [-Wbuiltin-declaration-mismatch]
   60 | char fwrite_unlocked ();
      |      ^~~~~~~~~~~~~~~
configure:15203: $? = 0
configure:15203: result: yes
configure:15203: checking for fflush
configure:15203: g++ -o conftest -g -O2   conftest.cpp  >&5
configure:15203: $? = 0
configure:15203: result: yes
configure:15215: checking for fflush_unlocked
configure:15215: g++ -o conftest -g -O2   conftest.cpp  >&5
configure:15215: $? = 0
configure:15215: result: yes
configure:15215: checking for memmove
configure:15215: g++ -o conftest -g -O2   conftest.cpp  >&5
conftest.cpp:63:6: warning: declaration of 'char memmove()' conflicts with built-in declaration 'void* memmove(void*, const void*, long unsigned int)' [-Wbuiltin-declaration-mismatch]
   63 | char memmove ();
      |      ^~~~~~~
configure:15215: $? = 0
configure:15215: result: yes
configure:15215: checking for mkdir
configure:15215: g++ -o conftest -g -O2   conftest.cpp  >&5
configure:15215: $? = 0
configure:15215: result: yes
configure:15215: checking for munmap
configure:15215: g++ -o conftest -g -O2   conftest.cpp  >&5
configure:15215: $? = 0
configure:15215: result: yes
configure:15215: checking for rmdir
configure:15215: g++ -o conftest -g -O2   conftest.cpp  >&5
configure:15215: $? = 0
configure:15215: result: yes
configure:15215: checking for socket
configure:15215: g++ -o conftest -g -O2   conftest.cpp  >&5
configure:15215: $? = 0
configure:15215: result: yes
configure:15224: checking whether fdatasync is declared
configure:15224: g++ -c -g -O2  conftest.cpp >&5
configure:15224: $? = 0
configure:15224: result: yes
configure:15239: checking for snappy_compress in -lsnappy
configure:15264: g++ -o conftest -g -O2   conftest.cpp -lsnappy   >&5
configure:15264: $? = 0
configure:15273: result: yes
configure:15281: checking snappy.h usability
configure:15281: g++ -c -g -O2  conftest.cpp >&5
configure:15281: $? = 0
configure:15281: result: yes
configure:15281: checking snappy.h presence
configure:15281: g++ -E  conftest.cpp
configure:15281: $? = 0
configure:15281: result: yes
configure:15281: checking for snappy.h
configure:15281: result: yes
configure:15431: checking that generated files are newer than configure
configure:15437: result: done
configure:15468: creating ./config.status

## ---------------------- ##
## Running config.status. ##
## ---------------------- ##

This file was extended by pebblesdb config.status 1.0.dev, which was
generated by GNU Autoconf 2.69.  Invocation command line was

  CONFIG_FILES    = 
  CONFIG_HEADERS  = 
  CONFIG_LINKS    = 
  CONFIG_COMMANDS = 
  $ ./config.status 

on dc-optane

config.status:1172: creating Makefile
config.status:1172: creating libpebblesdb.pc
config.status:1172: creating config.h
config.status:1401: executing depfiles commands
config.status:1478: cd .       && sed -e '/# am--include-marker/d' Makefile         | make -f - am--depfiles
config.status:1483: $? = 0
config.status:1401: executing libtool commands

## ---------------- ##
## Cache variables. ##
## ---------------- ##

ac_cv_build=x86_64-pc-linux-gnu
ac_cv_c_compiler_gnu=yes
ac_cv_cxx_compiler_gnu=yes
ac_cv_env_CCC_set=
ac_cv_env_CCC_value=
ac_cv_env_CC_set=
ac_cv_env_CC_value=
ac_cv_env_CFLAGS_set=
ac_cv_env_CFLAGS_value=
ac_cv_env_CPPFLAGS_set=
ac_cv_env_CPPFLAGS_value=
ac_cv_env_CPP_set=
ac_cv_env_CPP_value=
ac_cv_env_CXXCPP_set=
ac_cv_env_CXXCPP_value=
ac_cv_env_CXXFLAGS_set=
ac_cv_env_CXXFLAGS_value=
ac_cv_env_CXX_set=
ac_cv_env_CXX_value=
ac_cv_env_LDFLAGS_set=
ac_cv_env_LDFLAGS_value=
ac_cv_env_LIBS_set=
ac_cv_env_LIBS_value=
ac_cv_env_LT_SYS_LIBRARY_PATH_set=
ac_cv_env_LT_SYS_LIBRARY_PATH_value=
ac_cv_env_build_alias_set=
ac_cv_env_build_alias_value=
ac_cv_env_host_alias_set=
ac_cv_env_host_alias_value=
ac_cv_env_target_alias_set=
ac_cv_env_target_alias_value=
ac_cv_func_alarm=yes
ac_cv_func_clock_gettime=yes
ac_cv_func_fflush=yes
ac_cv_func_fflush_unlocked=yes
ac_cv_func_fread=yes
ac_cv_func_fread_unlocked=yes
ac_cv_func_fsync=yes
ac_cv_func_ftruncate=yes
ac_cv_func_fwrite=yes
ac_cv_func_fwrite_unlocked=yes
ac_cv_func_getpagesize=yes
ac_cv_func_mach_absolute_time=no
ac_cv_func_memmove=yes
ac_cv_func_mkdir=yes
ac_cv_func_mmap_fixed_mapped=yes
ac_cv_func_munmap=yes
ac_cv_func_rmdir=yes
ac_cv_func_socket=yes
ac_cv_have_decl_fdatasync=yes
ac_cv_header_dlfcn_h=yes
ac_cv_header_endian_h=yes
ac_cv_header_inttypes_h=yes
ac_cv_header_machine_endian_h=no
ac_cv_header_memory_h=yes
ac_cv_header_snappy_h=yes
ac_cv_header_stdc=yes
ac_cv_header_stdint_h=yes
ac_cv_header_stdlib_h=yes
ac_cv_header_string_h=yes
ac_cv_header_strings_h=yes
ac_cv_header_sys_endian_h=no
ac_cv_header_sys_isa_defs_h=no
ac_cv_header_sys_param_h=yes
ac_cv_header_sys_stat_h=yes
ac_cv_header_sys_types_h=yes
ac_cv_header_unistd_h=yes
ac_cv_host=x86_64-pc-linux-gnu
ac_cv_lib_error_at_line=yes
ac_cv_lib_snappy_snappy_compress=yes
ac_cv_objext=o
ac_cv_path_EGREP='/usr/bin/grep -E'
ac_cv_path_FGREP='/usr/bin/grep -F'
ac_cv_path_GREP=/usr/bin/grep
ac_cv_path_SED=/usr/bin/sed
ac_cv_path_install='/usr/bin/install -c'
ac_cv_path_lt_DD=/usr/bin/dd
ac_cv_path_mkdir=/usr/bin/mkdir
ac_cv_prog_AWK=mawk
ac_cv_prog_CPP='gcc -E'
ac_cv_prog_CXXCPP='g++ -E'
ac_cv_prog_ac_ct_AR=ar
ac_cv_prog_ac_ct_CC=gcc
ac_cv_prog_ac_ct_CXX=g++
ac_cv_prog_ac_ct_MANIFEST_TOOL=mt
ac_cv_prog_ac_ct_OBJDUMP=objdump
ac_cv_prog_ac_ct_RANLIB=ranlib
ac_cv_prog_ac_ct_STRIP=strip
ac_cv_prog_cc_c89=
ac_cv_prog_cc_g=yes
ac_cv_prog_cxx_g=yes
ac_cv_prog_make_make_set=yes
am_cv_CC_dependencies_compiler_type=gcc3
am_cv_CXX_dependencies_compiler_type=gcc3
am_cv_make_support_nested_variables=yes
am_cv_prog_cc_c_o=yes
ax_cv_check_cxxflags___Qunused_arguments=no
ax_cv_check_cxxflags___fno_builtin_memcmp=yes
ax_cv_check_cxxflags___fno_builtin_memmove=yes
lt_cv_ar_at_file=@
lt_cv_archive_cmds_need_lc=no
lt_cv_deplibs_check_method=pass_all
lt_cv_file_magic_cmd='$MAGIC_CMD'
lt_cv_file_magic_test_file=
lt_cv_ld_reload_flag=-r
lt_cv_nm_interface='BSD nm'
lt_cv_objdir=.libs
lt_cv_path_LD=/usr/bin/ld
lt_cv_path_LDCXX='/usr/bin/ld -m elf_x86_64'
lt_cv_path_NM='/usr/bin/nm -B'
lt_cv_path_mainfest_tool=no
lt_cv_prog_compiler_c_o=yes
lt_cv_prog_compiler_c_o_CXX=yes
lt_cv_prog_compiler_pic='-fPIC -DPIC'
lt_cv_prog_compiler_pic_CXX='-fPIC -DPIC'
lt_cv_prog_compiler_pic_works=yes
lt_cv_prog_compiler_pic_works_CXX=yes
lt_cv_prog_compiler_rtti_exceptions=no
lt_cv_prog_compiler_static_works=yes
lt_cv_prog_compiler_static_works_CXX=yes
lt_cv_prog_gnu_ld=yes
lt_cv_prog_gnu_ldcxx=yes
lt_cv_sharedlib_from_linklib_cmd='printf %s\n'
lt_cv_shlibpath_overrides_runpath=yes
lt_cv_sys_global_symbol_pipe='sed -n -e '\''s/^.*[	 ]\([ABCDGIRSTW][ABCDGIRSTW]*\)[	 ][	 ]*\([_A-Za-z][_A-Za-z0-9]*\)$/\1 \2 \2/p'\'' | sed '\''/ __gnu_lto/d'\'''
lt_cv_sys_global_symbol_to_c_name_address='sed -n -e '\''s/^: \(.*\) .*$/  {"\1", (void *) 0},/p'\'' -e '\''s/^[ABCDGIRSTW][ABCDGIRSTW]* .* \(.*\)$/  {"\1", (void *) \&\1},/p'\'''
lt_cv_sys_global_symbol_to_c_name_address_lib_prefix='sed -n -e '\''s/^: \(.*\) .*$/  {"\1", (void *) 0},/p'\'' -e '\''s/^[ABCDGIRSTW][ABCDGIRSTW]* .* \(lib.*\)$/  {"\1", (void *) \&\1},/p'\'' -e '\''s/^[ABCDGIRSTW][ABCDGIRSTW]* .* \(.*\)$/  {"lib\1", (void *) \&\1},/p'\'''
lt_cv_sys_global_symbol_to_cdecl='sed -n -e '\''s/^T .* \(.*\)$/extern int \1();/p'\'' -e '\''s/^[ABCDGIRSTW][ABCDGIRSTW]* .* \(.*\)$/extern char \1;/p'\'''
lt_cv_sys_global_symbol_to_import=
lt_cv_sys_max_cmd_len=1572864
lt_cv_to_host_file_cmd=func_convert_file_noop
lt_cv_to_tool_file_cmd=func_convert_file_noop
lt_cv_truncate_bin='/usr/bin/dd bs=4096 count=1'

## ----------------- ##
## Output variables. ##
## ----------------- ##

ACLOCAL='${SHELL} /home/dc/zcj/pebblesdb/src/missing aclocal-1.16'
AMDEPBACKSLASH='\'
AMDEP_FALSE='#'
AMDEP_TRUE=''
AMTAR='$${TAR-tar}'
AM_BACKSLASH='\'
AM_DEFAULT_V='$(AM_DEFAULT_VERBOSITY)'
AM_DEFAULT_VERBOSITY='0'
AM_V='$(V)'
AR='ar'
AUTOCONF='${SHELL} /home/dc/zcj/pebblesdb/src/missing autoconf'
AUTOHEADER='${SHELL} /home/dc/zcj/pebblesdb/src/missing autoheader'
AUTOMAKE='${SHELL} /home/dc/zcj/pebblesdb/src/missing automake-1.16'
AWK='mawk'
CC='gcc'
CCDEPMODE='depmode=gcc3'
CFLAGS='-g -O2'
CPP='gcc -E'
CPPFLAGS=''
CXX='g++'
CXXCPP='g++ -E'
CXXDEPMODE='depmode=gcc3'
CXXFLAGS='-g -O2'
CYGPATH_W='echo'
DEFS='-DHAVE_CONFIG_H'
DEPDIR='.deps'
DLLTOOL='false'
DSYMUTIL=''
DUMPBIN=''
ECHO_C=''
ECHO_N='-n'
ECHO_T=''
EGREP='/usr/bin/grep -E'
EXEEXT=''
EXTRA_CFLAGS='-fno-builtin-memcmp -fno-builtin-memcmp'
FGREP='/usr/bin/grep -F'
GREP='/usr/bin/grep'
INSTALL_DATA='${INSTALL} -m 644'
INSTALL_PROGRAM='${INSTALL}'
INSTALL_SCRIPT='${INSTALL}'
INSTALL_STRIP_PROGRAM='$(install_sh) -c -s'
LD='/usr/bin/ld -m elf_x86_64'
LDFLAGS=''
LIBOBJS=''
LIBS=''
LIBTOOL='$(SHELL) $(top_builddir)/libtool'
LIPO=''
LN_S='ln -s'
LTLIBOBJS=''
LT_SYS_LIBRARY_PATH=''
MAKEINFO='${SHELL} /home/dc/zcj/pebblesdb/src/missing makeinfo'
MANIFEST_TOOL=':'
MKDIR_P='/usr/bin/mkdir -p'
NM='/usr/bin/nm -B'
NMEDIT=''
OBJDUMP='objdump'
OBJEXT='o'
OTOOL64=''
OTOOL=''
PACKAGE='pebblesdb'
PACKAGE_BUGREPORT='vijay@cs.utexas.edu'
PACKAGE_NAME='pebblesdb'
PACKAGE_STRING='pebblesdb 1.0.dev'
PACKAGE_TARNAME='pebblesdb'
PACKAGE_URL=''
PACKAGE_VERSION='1.0.dev'
PATH_SEPARATOR=':'
RANLIB='ranlib'
SED='/usr/bin/sed'
SET_MAKE=''
SHELL='/bin/bash'
SNAPPY_FLAGS='-DSNAPPY'
SNAPPY_LIBS='-lsnappy'
STRIP='strip'
VERSION='1.0.dev'
WANAL_CFLAGS=' '
WANAL_CXXFLAGS=' '
ac_ct_AR='ar'
ac_ct_CC='gcc'
ac_ct_CXX='g++'
ac_ct_DUMPBIN=''
am__EXEEXT_FALSE=''
am__EXEEXT_TRUE='#'
am__fastdepCC_FALSE='#'
am__fastdepCC_TRUE=''
am__fastdepCXX_FALSE='#'
am__fastdepCXX_TRUE=''
am__include='include'
am__isrc=''
am__leading_dot='.'
am__nodep='_no'
am__quote=''
am__tar='$${TAR-tar} chof - "$$tardir"'
am__untar='$${TAR-tar} xf -'
bindir='${exec_prefix}/bin'
build='x86_64-pc-linux-gnu'
build_alias=''
build_cpu='x86_64'
build_os='linux-gnu'
build_vendor='pc'
datadir='${datarootdir}'
datarootdir='${prefix}/share'
docdir='${datarootdir}/doc/${PACKAGE_TARNAME}'
dvidir='${docdir}'
exec_prefix='${prefix}'
host='x86_64-pc-linux-gnu'
host_alias=''
host_cpu='x86_64'
host_os='linux-gnu'
host_vendor='pc'
htmldir='${docdir}'
includedir='${prefix}/include'
infodir='${datarootdir}/info'
install_sh='${SHELL} /home/dc/zcj/pebblesdb/src/install-sh'
libdir='${exec_prefix}/lib'
libexecdir='${exec_prefix}/libexec'
localedir='${datarootdir}/locale'
localstatedir='${prefix}/var'
mandir='${datarootdir}/man'
mkdir_p='$(MKDIR_P)'
oldincludedir='/usr/include'
pdfdir='${docdir}'
prefix='/usr/local'
program_transform_name='s,x,x,'
psdir='${docdir}'
runstatedir='${localstatedir}/run'
sbindir='${exec_prefix}/sbin'
sharedstatedir='${prefix}/com'
sysconfdir='${prefix}/etc'
target_alias=''

## ----------- ##
## confdefs.h. ##
## ----------- ##

/* confdefs.h */
#define PACKAGE_NAME "pebblesdb"
#define PACKAGE_TARNAME "pebblesdb"
#define PACKAGE_VERSION "1.0.dev"
#define PACKAGE_STRING "pebblesdb 1.0.dev"
#define PACKAGE_BUGREPORT "vijay@cs.utexas.edu"
#define PACKAGE_URL ""
#define PACKAGE "pebblesdb"
#define VERSION "1.0.dev"
#define STDC_HEADERS 1
#define HAVE_SYS_TYPES_H 1
#define HAVE_SYS_STAT_H 1
#define HAVE_STDLIB_H 1
#define HAVE_STRING_H 1
#define HAVE_MEMORY_H 1
#define HAVE_STRINGS_H 1
#define HAVE_INTTYPES_H 1
#define HAVE_STDINT_H 1
#define HAVE_UNISTD_H 1
#define HAVE_DLFCN_H 1
#define LT_OBJDIR ".libs/"
#define HAVE_ENDIAN_H 1
#define HAVE_SYS_TYPES_H 1
#define HAVE_STDLIB_H 1
#define HAVE_UNISTD_H 1
#define HAVE_SYS_PARAM_H 1
#define HAVE_GETPAGESIZE 1
#define HAVE_MMAP 1
#define HAVE_ALARM 1
#define HAVE_CLOCK_GETTIME 1
#define HAVE_FTRUNCATE 1
#define HAVE_FSYNC 1
#define HAVE_FREAD 1
#define HAVE_FREAD_UNLOCKED 1
#define HAVE_FWRITE 1
#define HAVE_FWRITE_UNLOCKED 1
#define HAVE_FFLUSH 1
#define HAVE_FFLUSH_UNLOCKED 1
#define HAVE_MEMMOVE 1
#define HAVE_MKDIR 1
#define HAVE_MUNMAP 1
#define HAVE_RMDIR 1
#define HAVE_SOCKET 1
#define HAVE_DECL_FDATASYNC 1

configure: exit 0
